<?xml version="1.0" encoding="UTF-8"?>
<!-- Generated by org.testng.reporters.JUnitReportReporter -->
<testsuite hostname="LAPTOP-60BNE173" failures="0" tests="1" name="com.testscripts.SoftAssertions" time="0.009" errors="0" timestamp="06 Sep 2022 10:36:34 GMT" skipped="0">
  <testcase classname="com.testscripts.SoftAssertions" name="test" time="0.009"/>
</testsuite> <!-- com.testscripts.SoftAssertions -->
